<?xml version="1.0" encoding="UTF-8" ?>
<testsuite tests="19" failures="0" name="edu.wisc.ComplexBenchmarkTest" time="0.015" errors="0" skipped="19">
  <properties>
    <property name="java.runtime.name" value="OpenJDK Runtime Environment"/>
    <property name="java.vm.version" value="11.0.3+7"/>
    <property name="sun.boot.library.path" value="/usr/lib/jvm/adoptopenjdk-11-jdk-hotspot/lib"/>
    <property name="maven.multiModuleProjectDirectory" value="/u/h/x/hxu/Desktop/fa19/RFixer"/>
    <property name="java.vm.vendor" value="AdoptOpenJDK"/>
    <property name="java.vendor.url" value="https://adoptopenjdk.net/"/>
    <property name="guice.disable.misplaced.annotation.check" value="true"/>
    <property name="path.separator" value=":"/>
    <property name="java.vm.name" value="OpenJDK 64-Bit Server VM"/>
    <property name="sun.os.patch.level" value="unknown"/>
    <property name="user.country" value="US"/>
    <property name="sun.java.launcher" value="SUN_STANDARD"/>
    <property name="java.vm.specification.name" value="Java Virtual Machine Specification"/>
    <property name="user.dir" value="/afs/cs.wisc.edu/u/h/x/hxu/Desktop/fa19/RFixer"/>
    <property name="java.vm.compressedOopsMode" value="Zero based"/>
    <property name="java.runtime.version" value="11.0.3+7"/>
    <property name="java.awt.graphicsenv" value="sun.awt.X11GraphicsEnvironment"/>
    <property name="os.arch" value="amd64"/>
    <property name="java.io.tmpdir" value="/tmp"/>
    <property name="line.separator" value="
"/>
    <property name="java.vm.specification.vendor" value="Oracle Corporation"/>
    <property name="os.name" value="Linux"/>
    <property name="classworlds.conf" value="/usr/share/maven/bin/m2.conf"/>
    <property name="sun.jnu.encoding" value="UTF-8"/>
    <property name="java.library.path" value="/usr/java/packages/lib:/usr/lib64:/lib64:/lib:/usr/lib"/>
    <property name="maven.conf" value="/usr/share/maven/conf"/>
    <property name="jdk.debug" value="release"/>
    <property name="java.class.version" value="55.0"/>
    <property name="java.specification.name" value="Java Platform API Specification"/>
    <property name="sun.management.compiler" value="HotSpot 64-Bit Tiered Compilers"/>
    <property name="os.version" value="4.15.0-66-generic"/>
    <property name="library.jansi.path" value="/usr/share/maven/lib/jansi-native"/>
    <property name="user.home" value="/u/h/x/hxu"/>
    <property name="user.timezone" value="America/Chicago"/>
    <property name="java.awt.printerjob" value="sun.print.PSPrinterJob"/>
    <property name="file.encoding" value="UTF-8"/>
    <property name="java.specification.version" value="11"/>
    <property name="user.name" value="hxu"/>
    <property name="java.class.path" value="/usr/share/maven/boot/plexus-classworlds-2.x.jar"/>
    <property name="java.vm.specification.version" value="11"/>
    <property name="sun.arch.data.model" value="64"/>
    <property name="sun.java.command" value="org.codehaus.plexus.classworlds.launcher.Launcher install"/>
    <property name="java.home" value="/usr/lib/jvm/adoptopenjdk-11-jdk-hotspot"/>
    <property name="user.language" value="en"/>
    <property name="java.specification.vendor" value="Oracle Corporation"/>
    <property name="awt.toolkit" value="sun.awt.X11.XToolkit"/>
    <property name="java.vm.info" value="mixed mode"/>
    <property name="java.version" value="11.0.3"/>
    <property name="securerandom.source" value="file:/dev/./urandom"/>
    <property name="java.vendor" value="AdoptOpenJDK"/>
    <property name="maven.home" value="/usr/share/maven"/>
    <property name="file.separator" value="/"/>
    <property name="java.version.date" value="2019-04-16"/>
    <property name="java.vendor.url.bug" value="https://github.com/AdoptOpenJDK/openjdk-build/issues"/>
    <property name="sun.io.unicode.encoding" value="UnicodeLittle"/>
    <property name="sun.cpu.endian" value="little"/>
    <property name="java.vendor.version" value="AdoptOpenJDK"/>
    <property name="sun.desktop" value="gnome"/>
    <property name="sun.cpu.isalist" value=""/>
  </properties>
  <testcase classname="edu.wisc.ComplexBenchmarkTest" name="test[0]" time="0">
    <skipped/>
  </testcase>
  <testcase classname="edu.wisc.ComplexBenchmarkTest" name="test[1]" time="0">
    <skipped/>
  </testcase>
  <testcase classname="edu.wisc.ComplexBenchmarkTest" name="test[2]" time="0">
    <skipped/>
  </testcase>
  <testcase classname="edu.wisc.ComplexBenchmarkTest" name="test[3]" time="0">
    <skipped/>
  </testcase>
  <testcase classname="edu.wisc.ComplexBenchmarkTest" name="test[4]" time="0.001">
    <skipped/>
  </testcase>
  <testcase classname="edu.wisc.ComplexBenchmarkTest" name="test[5]" time="0.001">
    <skipped/>
  </testcase>
  <testcase classname="edu.wisc.ComplexBenchmarkTest" name="test[6]" time="0.001">
    <skipped/>
  </testcase>
  <testcase classname="edu.wisc.ComplexBenchmarkTest" name="test[7]" time="0.001">
    <skipped/>
  </testcase>
  <testcase classname="edu.wisc.ComplexBenchmarkTest" name="test[8]" time="0.001">
    <skipped/>
  </testcase>
  <testcase classname="edu.wisc.ComplexBenchmarkTest" name="test[9]" time="0.001">
    <skipped/>
  </testcase>
  <testcase classname="edu.wisc.ComplexBenchmarkTest" name="test[10]" time="0.001">
    <skipped/>
  </testcase>
  <testcase classname="edu.wisc.ComplexBenchmarkTest" name="test[11]" time="0.001">
    <skipped/>
  </testcase>
  <testcase classname="edu.wisc.ComplexBenchmarkTest" name="test[12]" time="0.001">
    <skipped/>
  </testcase>
  <testcase classname="edu.wisc.ComplexBenchmarkTest" name="test[13]" time="0.001">
    <skipped/>
  </testcase>
  <testcase classname="edu.wisc.ComplexBenchmarkTest" name="test[14]" time="0.001">
    <skipped/>
  </testcase>
  <testcase classname="edu.wisc.ComplexBenchmarkTest" name="test[15]" time="0.001">
    <skipped/>
  </testcase>
  <testcase classname="edu.wisc.ComplexBenchmarkTest" name="test[16]" time="0.001">
    <skipped/>
  </testcase>
  <testcase classname="edu.wisc.ComplexBenchmarkTest" name="test[17]" time="0.001">
    <skipped/>
  </testcase>
  <testcase classname="edu.wisc.ComplexBenchmarkTest" name="test[18]" time="0.001">
    <skipped/>
  </testcase>
</testsuite>